Build started 12/08/2012 23:46:03.
     1>Project "C:\Prog\bab_code_2010\qprog\libs\lib3ds\lib3ds.vcxproj" on node 2 (build target(s)).
     1>C:\Program Files (x86)\MSBuild\Microsoft.Cpp\v4.0\Microsoft.CppBuild.targets(298,5): warning MSB8004: Intermediate Directory does not end with a trailing slash.  This build instance will add the slash as it is required to allow proper evaluation of the Intermediate Directory.
     1>InitializeBuildStatus:
         Creating "Win32\Release\lib3ds.unsuccessfulbuild" because "AlwaysCreate" was specified.
       ClCompile:
         C:\Program Files (x86)\Microsoft Visual Studio 10.0\VC\BIN\CL.exe /c /IC:\Qt\4.8.2\include\QtCore /IC:\Qt\4.8.2\include\QtGui /IC:\Qt\4.8.2\include /I. /IC:\Qt\4.8.2\include\ActiveQt /I..\..\..\build\libstatic_lib3ds\moc /I"c:\Qt\4.8.2\mkspecs\win32-msvc2010" /Zi /nologo /W3 /WX- /O2 /Oy- /D _CONSOLE /D UNICODE /D WIN32 /D QT_LARGEFILE_SUPPORT /D QT_THREAD_SUPPORT /D QT_NO_DEBUG /D QT_GUI_LIB /D QT_CORE_LIB /D QT_HAVE_MMX /D QT_HAVE_3DNOW /D QT_HAVE_SSE /D QT_HAVE_MMXEXT /D QT_HAVE_SSE2 /D NDEBUG /Gm- /EHsc /MD /GS- /fp:precise /Zc:wchar_t- /Zc:forScope /GR /Fo"Win32\Release\\" /Fd"Win32\Release\vc100.pdb" /Gd /TC /analyze- /errorReport:prompt lib3ds\atmosphere.c lib3ds\background.c lib3ds\camera.c lib3ds\chunk.c lib3ds\ease.c lib3ds\file.c lib3ds\io.c lib3ds\light.c lib3ds\material.c lib3ds\matrix.c lib3ds\mesh.c lib3ds\node.c lib3ds\quat.c lib3ds\shadow.c lib3ds\tcb.c lib3ds\tracks.c lib3ds\vector.c lib3ds\viewport.c -Zm200 -w34100 -w34189 
         atmosphere.c
     1>lib3ds\atmosphere.c(146): warning C4273: 'lib3ds_atmosphere_read' : inconsistent dll linkage
                 C:\Prog\bab_code_2010\qprog\libs\lib3ds\lib3ds/atmosphere.h(94) : see previous definition of 'lib3ds_atmosphere_read'
     1>lib3ds\atmosphere.c(204): warning C4273: 'lib3ds_atmosphere_write' : inconsistent dll linkage
                 C:\Prog\bab_code_2010\qprog\libs\lib3ds\lib3ds/atmosphere.h(95) : see previous definition of 'lib3ds_atmosphere_write'
         background.c
     1>lib3ds\background.c(114): warning C4273: 'lib3ds_background_read' : inconsistent dll linkage
                 C:\Prog\bab_code_2010\qprog\libs\lib3ds\lib3ds/background.h(74) : see previous definition of 'lib3ds_background_read'
     1>lib3ds\background.c(202): warning C4273: 'lib3ds_background_write' : inconsistent dll linkage
                 C:\Prog\bab_code_2010\qprog\libs\lib3ds\lib3ds/background.h(75) : see previous definition of 'lib3ds_background_write'
         camera.c
     1>lib3ds\camera.c(49): warning C4273: 'lib3ds_camera_new' : inconsistent dll linkage
                 C:\Prog\bab_code_2010\qprog\libs\lib3ds\lib3ds/camera.h(51) : see previous definition of 'lib3ds_camera_new'
     1>lib3ds\camera.c(59): warning C4996: 'strcpy': This function or variable may be unsafe. Consider using strcpy_s instead. To disable deprecation, use _CRT_SECURE_NO_WARNINGS. See online help for details.
     1>lib3ds\camera.c(74): warning C4273: 'lib3ds_camera_free' : inconsistent dll linkage
                 C:\Prog\bab_code_2010\qprog\libs\lib3ds\lib3ds/camera.h(52) : see previous definition of 'lib3ds_camera_free'
     1>lib3ds\camera.c(91): warning C4273: 'lib3ds_camera_dump' : inconsistent dll linkage
                 C:\Prog\bab_code_2010\qprog\libs\lib3ds\lib3ds/camera.h(53) : see previous definition of 'lib3ds_camera_dump'
     1>lib3ds\camera.c(124): warning C4273: 'lib3ds_camera_read' : inconsistent dll linkage
                 C:\Prog\bab_code_2010\qprog\libs\lib3ds\lib3ds/camera.h(54) : see previous definition of 'lib3ds_camera_read'
     1>lib3ds\camera.c(193): warning C4273: 'lib3ds_camera_write' : inconsistent dll linkage
                 C:\Prog\bab_code_2010\qprog\libs\lib3ds\lib3ds/camera.h(55) : see previous definition of 'lib3ds_camera_write'
         chunk.c
     1>lib3ds\chunk.c(46): warning C4996: 'strcat': This function or variable may be unsafe. Consider using strcat_s instead. To disable deprecation, use _CRT_SECURE_NO_WARNINGS. See online help for details.
     1>lib3ds\chunk.c(44): warning C4100: 'c' : unreferenced formal parameter
     1>lib3ds\chunk.c(51): warning C4100: 'c' : unreferenced formal parameter
     1>lib3ds\chunk.c(76): warning C4273: 'lib3ds_chunk_enable_dump' : inconsistent dll linkage
                 C:\Prog\bab_code_2010\qprog\libs\lib3ds\lib3ds/chunk.h(270) : see previous definition of 'lib3ds_chunk_enable_dump'
     1>lib3ds\chunk.c(94): warning C4273: 'lib3ds_chunk_read' : inconsistent dll linkage
                 C:\Prog\bab_code_2010\qprog\libs\lib3ds\lib3ds/chunk.h(271) : see previous definition of 'lib3ds_chunk_read'
     1>lib3ds\chunk.c(115): warning C4273: 'lib3ds_chunk_read_start' : inconsistent dll linkage
                 C:\Prog\bab_code_2010\qprog\libs\lib3ds\lib3ds/chunk.h(272) : see previous definition of 'lib3ds_chunk_read_start'
     1>lib3ds\chunk.c(131): warning C4273: 'lib3ds_chunk_read_tell' : inconsistent dll linkage
                 C:\Prog\bab_code_2010\qprog\libs\lib3ds\lib3ds/chunk.h(273) : see previous definition of 'lib3ds_chunk_read_tell'
     1>lib3ds\chunk.c(141): warning C4273: 'lib3ds_chunk_read_next' : inconsistent dll linkage
                 C:\Prog\bab_code_2010\qprog\libs\lib3ds\lib3ds/chunk.h(274) : see previous definition of 'lib3ds_chunk_read_next'
     1>lib3ds\chunk.c(163): warning C4273: 'lib3ds_chunk_read_reset' : inconsistent dll linkage
                 C:\Prog\bab_code_2010\qprog\libs\lib3ds\lib3ds/chunk.h(275) : see previous definition of 'lib3ds_chunk_read_reset'
     1>lib3ds\chunk.c(162): warning C4100: 'c' : unreferenced formal parameter
     1>lib3ds\chunk.c(173): warning C4273: 'lib3ds_chunk_read_end' : inconsistent dll linkage
                 C:\Prog\bab_code_2010\qprog\libs\lib3ds\lib3ds/chunk.h(276) : see previous definition of 'lib3ds_chunk_read_end'
     1>lib3ds\chunk.c(191): warning C4273: 'lib3ds_chunk_write' : inconsistent dll linkage
                 C:\Prog\bab_code_2010\qprog\libs\lib3ds\lib3ds/chunk.h(277) : see previous definition of 'lib3ds_chunk_write'
     1>lib3ds\chunk.c(210): warning C4273: 'lib3ds_chunk_write_start' : inconsistent dll linkage
                 C:\Prog\bab_code_2010\qprog\libs\lib3ds\lib3ds/chunk.h(278) : see previous definition of 'lib3ds_chunk_write_start'
     1>lib3ds\chunk.c(229): warning C4273: 'lib3ds_chunk_write_end' : inconsistent dll linkage
                 C:\Prog\bab_code_2010\qprog\libs\lib3ds\lib3ds/chunk.h(279) : see previous definition of 'lib3ds_chunk_write_end'
     1>lib3ds\chunk.c(253): warning C4273: 'lib3ds_chunk_write_switch' : inconsistent dll linkage
                 C:\Prog\bab_code_2010\qprog\libs\lib3ds\lib3ds/chunk.h(280) : see previous definition of 'lib3ds_chunk_write_switch'
     1>lib3ds\chunk.c(266): warning C4273: 'lib3ds_chunk_name' : inconsistent dll linkage
                 C:\Prog\bab_code_2010\qprog\libs\lib3ds\lib3ds/chunk.h(281) : see previous definition of 'lib3ds_chunk_name'
     1>lib3ds\chunk.c(283): warning C4273: 'lib3ds_chunk_unknown' : inconsistent dll linkage
                 C:\Prog\bab_code_2010\qprog\libs\lib3ds\lib3ds/chunk.h(282) : see previous definition of 'lib3ds_chunk_unknown'
     1>lib3ds\chunk.c(299): warning C4273: 'lib3ds_chunk_dump_info' : inconsistent dll linkage
                 C:\Prog\bab_code_2010\qprog\libs\lib3ds\lib3ds/chunk.h(283) : see previous definition of 'lib3ds_chunk_dump_info'
     1>lib3ds\chunk.c(305): warning C4996: 'vsprintf': This function or variable may be unsafe. Consider using vsprintf_s instead. To disable deprecation, use _CRT_SECURE_NO_WARNINGS. See online help for details.
                 C:\Program Files (x86)\Microsoft Visual Studio 10.0\VC\INCLUDE\stdio.h(371) : see declaration of 'vsprintf'
         ease.c
     1>lib3ds\ease.c(36): warning C4273: 'lib3ds_ease' : inconsistent dll linkage
                 C:\Prog\bab_code_2010\qprog\libs\lib3ds\lib3ds/ease.h(34) : see previous definition of 'lib3ds_ease'
         file.c
     1>lib3ds\file.c(117): warning C4273: 'lib3ds_file_load' : inconsistent dll linkage
                 C:\Prog\bab_code_2010\qprog\libs\lib3ds\lib3ds/file.h(70) : see previous definition of 'lib3ds_file_load'
     1>lib3ds\file.c(122): warning C4996: 'fopen': This function or variable may be unsafe. Consider using fopen_s instead. To disable deprecation, use _CRT_SECURE_NO_WARNINGS. See online help for details.
                 C:\Program Files (x86)\Microsoft Visual Studio 10.0\VC\INCLUDE\stdio.h(234) : see declaration of 'fopen'
     1>lib3ds\file.c(174): warning C4273: 'lib3ds_file_save' : inconsistent dll linkage
                 C:\Prog\bab_code_2010\qprog\libs\lib3ds\lib3ds/file.h(71) : see previous definition of 'lib3ds_file_save'
     1>lib3ds\file.c(179): warning C4996: 'fopen': This function or variable may be unsafe. Consider using fopen_s instead. To disable deprecation, use _CRT_SECURE_NO_WARNINGS. See online help for details.
                 C:\Program Files (x86)\Microsoft Visual Studio 10.0\VC\INCLUDE\stdio.h(234) : see declaration of 'fopen'
     1>lib3ds\file.c(215): warning C4273: 'lib3ds_file_new' : inconsistent dll linkage
                 C:\Prog\bab_code_2010\qprog\libs\lib3ds\lib3ds/file.h(72) : see previous definition of 'lib3ds_file_new'
     1>lib3ds\file.c(225): warning C4996: 'strcpy': This function or variable may be unsafe. Consider using strcpy_s instead. To disable deprecation, use _CRT_SECURE_NO_WARNINGS. See online help for details.
     1>lib3ds\file.c(245): warning C4273: 'lib3ds_file_free' : inconsistent dll linkage
                 C:\Prog\bab_code_2010\qprog\libs\lib3ds\lib3ds/file.h(73) : see previous definition of 'lib3ds_file_free'
     1>lib3ds\file.c(309): warning C4273: 'lib3ds_file_eval' : inconsistent dll linkage
                 C:\Prog\bab_code_2010\qprog\libs\lib3ds\lib3ds/file.h(74) : see previous definition of 'lib3ds_file_eval'
     1>lib3ds\file.c(753): warning C4273: 'lib3ds_file_read' : inconsistent dll linkage
                 C:\Prog\bab_code_2010\qprog\libs\lib3ds\lib3ds/file.h(75) : see previous definition of 'lib3ds_file_read'
     1>lib3ds\file.c(1081): warning C4273: 'lib3ds_file_write' : inconsistent dll linkage
                 C:\Prog\bab_code_2010\qprog\libs\lib3ds\lib3ds/file.h(76) : see previous definition of 'lib3ds_file_write'
     1>lib3ds\file.c(1127): warning C4273: 'lib3ds_file_insert_material' : inconsistent dll linkage
                 C:\Prog\bab_code_2010\qprog\libs\lib3ds\lib3ds/file.h(77) : see previous definition of 'lib3ds_file_insert_material'
     1>lib3ds\file.c(1166): warning C4273: 'lib3ds_file_remove_material' : inconsistent dll linkage
                 C:\Prog\bab_code_2010\qprog\libs\lib3ds\lib3ds/file.h(78) : see previous definition of 'lib3ds_file_remove_material'
     1>lib3ds\file.c(1203): warning C4273: 'lib3ds_file_material_by_name' : inconsistent dll linkage
                 C:\Prog\bab_code_2010\qprog\libs\lib3ds\lib3ds/file.h(79) : see previous definition of 'lib3ds_file_material_by_name'
     1>lib3ds\file.c(1227): warning C4273: 'lib3ds_file_dump_materials' : inconsistent dll linkage
                 C:\Prog\bab_code_2010\qprog\libs\lib3ds\lib3ds/file.h(80) : see previous definition of 'lib3ds_file_dump_materials'
     1>lib3ds\file.c(1251): warning C4273: 'lib3ds_file_insert_mesh' : inconsistent dll linkage
                 C:\Prog\bab_code_2010\qprog\libs\lib3ds\lib3ds/file.h(81) : see previous definition of 'lib3ds_file_insert_mesh'
     1>lib3ds\file.c(1290): warning C4273: 'lib3ds_file_remove_mesh' : inconsistent dll linkage
                 C:\Prog\bab_code_2010\qprog\libs\lib3ds\lib3ds/file.h(82) : see previous definition of 'lib3ds_file_remove_mesh'
     1>lib3ds\file.c(1327): warning C4273: 'lib3ds_file_mesh_by_name' : inconsistent dll linkage
                 C:\Prog\bab_code_2010\qprog\libs\lib3ds\lib3ds/file.h(83) : see previous definition of 'lib3ds_file_mesh_by_name'
     1>lib3ds\file.c(1351): warning C4273: 'lib3ds_file_dump_meshes' : inconsistent dll linkage
                 C:\Prog\bab_code_2010\qprog\libs\lib3ds\lib3ds/file.h(84) : see previous definition of 'lib3ds_file_dump_meshes'
     1>lib3ds\file.c(1369): warning C4996: 'strcpy': This function or variable may be unsafe. Consider using strcpy_s instead. To disable deprecation, use _CRT_SECURE_NO_WARNINGS. See online help for details.
     1>lib3ds\file.c(1370): warning C4996: 'strcat': This function or variable may be unsafe. Consider using strcat_s instead. To disable deprecation, use _CRT_SECURE_NO_WARNINGS. See online help for details.
     1>lib3ds\file.c(1371): warning C4996: 'strcat': This function or variable may be unsafe. Consider using strcat_s instead. To disable deprecation, use _CRT_SECURE_NO_WARNINGS. See online help for details.
     1>lib3ds\file.c(1398): warning C4273: 'lib3ds_file_dump_instances' : inconsistent dll linkage
                 C:\Prog\bab_code_2010\qprog\libs\lib3ds\lib3ds/file.h(85) : see previous definition of 'lib3ds_file_dump_instances'
     1>lib3ds\file.c(1422): warning C4273: 'lib3ds_file_insert_camera' : inconsistent dll linkage
                 C:\Prog\bab_code_2010\qprog\libs\lib3ds\lib3ds/file.h(86) : see previous definition of 'lib3ds_file_insert_camera'
     1>lib3ds\file.c(1461): warning C4273: 'lib3ds_file_remove_camera' : inconsistent dll linkage
                 C:\Prog\bab_code_2010\qprog\libs\lib3ds\lib3ds/file.h(87) : see previous definition of 'lib3ds_file_remove_camera'
     1>lib3ds\file.c(1498): warning C4273: 'lib3ds_file_camera_by_name' : inconsistent dll linkage
                 C:\Prog\bab_code_2010\qprog\libs\lib3ds\lib3ds/file.h(88) : see previous definition of 'lib3ds_file_camera_by_name'
     1>lib3ds\file.c(1522): warning C4273: 'lib3ds_file_dump_cameras' : inconsistent dll linkage
                 C:\Prog\bab_code_2010\qprog\libs\lib3ds\lib3ds/file.h(89) : see previous definition of 'lib3ds_file_dump_cameras'
     1>lib3ds\file.c(1546): warning C4273: 'lib3ds_file_insert_light' : inconsistent dll linkage
                 C:\Prog\bab_code_2010\qprog\libs\lib3ds\lib3ds/file.h(90) : see previous definition of 'lib3ds_file_insert_light'
     1>lib3ds\file.c(1585): warning C4273: 'lib3ds_file_remove_light' : inconsistent dll linkage
                 C:\Prog\bab_code_2010\qprog\libs\lib3ds\lib3ds/file.h(91) : see previous definition of 'lib3ds_file_remove_light'
     1>lib3ds\file.c(1622): warning C4273: 'lib3ds_file_light_by_name' : inconsistent dll linkage
                 C:\Prog\bab_code_2010\qprog\libs\lib3ds\lib3ds/file.h(92) : see previous definition of 'lib3ds_file_light_by_name'
     1>lib3ds\file.c(1646): warning C4273: 'lib3ds_file_dump_lights' : inconsistent dll linkage
                 C:\Prog\bab_code_2010\qprog\libs\lib3ds\lib3ds/file.h(93) : see previous definition of 'lib3ds_file_dump_lights'
     1>lib3ds\file.c(1674): warning C4273: 'lib3ds_file_node_by_name' : inconsistent dll linkage
                 C:\Prog\bab_code_2010\qprog\libs\lib3ds\lib3ds/file.h(94) : see previous definition of 'lib3ds_file_node_by_name'
     1>lib3ds\file.c(1707): warning C4273: 'lib3ds_file_node_by_id' : inconsistent dll linkage
                 C:\Prog\bab_code_2010\qprog\libs\lib3ds\lib3ds/file.h(95) : see previous definition of 'lib3ds_file_node_by_id'
     1>lib3ds\file.c(1745): warning C4273: 'lib3ds_file_insert_node' : inconsistent dll linkage
                 C:\Prog\bab_code_2010\qprog\libs\lib3ds\lib3ds/file.h(96) : see previous definition of 'lib3ds_file_insert_node'
     1>lib3ds\file.c(1813): warning C4273: 'lib3ds_file_remove_node' : inconsistent dll linkage
                 C:\Prog\bab_code_2010\qprog\libs\lib3ds\lib3ds/file.h(97) : see previous definition of 'lib3ds_file_remove_node'
     1>lib3ds\file.c(1871): warning C4273: 'lib3ds_file_bounding_box_of_objects' : inconsistent dll linkage
                 C:\Prog\bab_code_2010\qprog\libs\lib3ds\lib3ds/file.h(98) : see previous definition of 'lib3ds_file_bounding_box_of_objects'
     1>lib3ds\file.c(1994): warning C4273: 'lib3ds_file_bounding_box_of_nodes' : inconsistent dll linkage
                 C:\Prog\bab_code_2010\qprog\libs\lib3ds\lib3ds/file.h(99) : see previous definition of 'lib3ds_file_bounding_box_of_nodes'
     1>lib3ds\file.c(2020): warning C4273: 'lib3ds_file_dump_nodes' : inconsistent dll linkage
                 C:\Prog\bab_code_2010\qprog\libs\lib3ds\lib3ds/file.h(100) : see previous definition of 'lib3ds_file_dump_nodes'
         io.c
     1>lib3ds\io.c(50): warning C4273: 'lib3ds_io_new' : inconsistent dll linkage
                 C:\Prog\bab_code_2010\qprog\libs\lib3ds\lib3ds/io.h(46) : see previous definition of 'lib3ds_io_new'
     1>lib3ds\io.c(70): warning C4273: 'lib3ds_io_free' : inconsistent dll linkage
                 C:\Prog\bab_code_2010\qprog\libs\lib3ds\lib3ds/io.h(49) : see previous definition of 'lib3ds_io_free'
     1>lib3ds\io.c(81): warning C4273: 'lib3ds_io_error' : inconsistent dll linkage
                 C:\Prog\bab_code_2010\qprog\libs\lib3ds\lib3ds/io.h(50) : see previous definition of 'lib3ds_io_error'
     1>lib3ds\io.c(92): warning C4273: 'lib3ds_io_seek' : inconsistent dll linkage
                 C:\Prog\bab_code_2010\qprog\libs\lib3ds\lib3ds/io.h(51) : see previous definition of 'lib3ds_io_seek'
     1>lib3ds\io.c(103): warning C4273: 'lib3ds_io_tell' : inconsistent dll linkage
                 C:\Prog\bab_code_2010\qprog\libs\lib3ds\lib3ds/io.h(52) : see previous definition of 'lib3ds_io_tell'
     1>lib3ds\io.c(114): warning C4273: 'lib3ds_io_read' : inconsistent dll linkage
                 C:\Prog\bab_code_2010\qprog\libs\lib3ds\lib3ds/io.h(53) : see previous definition of 'lib3ds_io_read'
     1>lib3ds\io.c(125): warning C4273: 'lib3ds_io_write' : inconsistent dll linkage
                 C:\Prog\bab_code_2010\qprog\libs\lib3ds\lib3ds/io.h(54) : see previous definition of 'lib3ds_io_write'
     1>lib3ds\io.c(141): warning C4273: 'lib3ds_io_read_byte' : inconsistent dll linkage
                 C:\Prog\bab_code_2010\qprog\libs\lib3ds\lib3ds/io.h(56) : see previous definition of 'lib3ds_io_read_byte'
     1>lib3ds\io.c(155): warning C4273: 'lib3ds_io_read_word' : inconsistent dll linkage
                 C:\Prog\bab_code_2010\qprog\libs\lib3ds\lib3ds/io.h(57) : see previous definition of 'lib3ds_io_read_word'
     1>lib3ds\io.c(174): warning C4273: 'lib3ds_io_read_dword' : inconsistent dll linkage
                 C:\Prog\bab_code_2010\qprog\libs\lib3ds\lib3ds/io.h(58) : see previous definition of 'lib3ds_io_read_dword'
     1>lib3ds\io.c(195): warning C4273: 'lib3ds_io_read_intb' : inconsistent dll linkage
                 C:\Prog\bab_code_2010\qprog\libs\lib3ds\lib3ds/io.h(59) : see previous definition of 'lib3ds_io_read_intb'
     1>lib3ds\io.c(211): warning C4273: 'lib3ds_io_read_intw' : inconsistent dll linkage
                 C:\Prog\bab_code_2010\qprog\libs\lib3ds\lib3ds/io.h(60) : see previous definition of 'lib3ds_io_read_intw'
     1>lib3ds\io.c(230): warning C4273: 'lib3ds_io_read_intd' : inconsistent dll linkage
                 C:\Prog\bab_code_2010\qprog\libs\lib3ds\lib3ds/io.h(61) : see previous definition of 'lib3ds_io_read_intd'
     1>lib3ds\io.c(251): warning C4273: 'lib3ds_io_read_float' : inconsistent dll linkage
                 C:\Prog\bab_code_2010\qprog\libs\lib3ds\lib3ds/io.h(62) : see previous definition of 'lib3ds_io_read_float'
     1>lib3ds\io.c(275): warning C4273: 'lib3ds_io_read_vector' : inconsistent dll linkage
                 C:\Prog\bab_code_2010\qprog\libs\lib3ds\lib3ds/io.h(63) : see previous definition of 'lib3ds_io_read_vector'
     1>lib3ds\io.c(291): warning C4273: 'lib3ds_io_read_rgb' : inconsistent dll linkage
                 C:\Prog\bab_code_2010\qprog\libs\lib3ds\lib3ds/io.h(64) : see previous definition of 'lib3ds_io_read_rgb'
     1>lib3ds\io.c(315): warning C4273: 'lib3ds_io_read_string' : inconsistent dll linkage
                 C:\Prog\bab_code_2010\qprog\libs\lib3ds\lib3ds/io.h(65) : see previous definition of 'lib3ds_io_read_string'
     1>lib3ds\io.c(345): warning C4273: 'lib3ds_io_write_byte' : inconsistent dll linkage
                 C:\Prog\bab_code_2010\qprog\libs\lib3ds\lib3ds/io.h(67) : see previous definition of 'lib3ds_io_write_byte'
     1>lib3ds\io.c(361): warning C4273: 'lib3ds_io_write_word' : inconsistent dll linkage
                 C:\Prog\bab_code_2010\qprog\libs\lib3ds\lib3ds/io.h(68) : see previous definition of 'lib3ds_io_write_word'
     1>lib3ds\io.c(381): warning C4273: 'lib3ds_io_write_dword' : inconsistent dll linkage
                 C:\Prog\bab_code_2010\qprog\libs\lib3ds\lib3ds/io.h(69) : see previous definition of 'lib3ds_io_write_dword'
     1>lib3ds\io.c(403): warning C4273: 'lib3ds_io_write_intb' : inconsistent dll linkage
                 C:\Prog\bab_code_2010\qprog\libs\lib3ds\lib3ds/io.h(70) : see previous definition of 'lib3ds_io_write_intb'
     1>lib3ds\io.c(419): warning C4273: 'lib3ds_io_write_intw' : inconsistent dll linkage
                 C:\Prog\bab_code_2010\qprog\libs\lib3ds\lib3ds/io.h(71) : see previous definition of 'lib3ds_io_write_intw'
     1>lib3ds\io.c(439): warning C4273: 'lib3ds_io_write_intd' : inconsistent dll linkage
                 C:\Prog\bab_code_2010\qprog\libs\lib3ds\lib3ds/io.h(72) : see previous definition of 'lib3ds_io_write_intd'
     1>lib3ds\io.c(461): warning C4273: 'lib3ds_io_write_float' : inconsistent dll linkage
                 C:\Prog\bab_code_2010\qprog\libs\lib3ds\lib3ds/io.h(73) : see previous definition of 'lib3ds_io_write_float'
     1>lib3ds\io.c(485): warning C4273: 'lib3ds_io_write_vector' : inconsistent dll linkage
                 C:\Prog\bab_code_2010\qprog\libs\lib3ds\lib3ds/io.h(74) : see previous definition of 'lib3ds_io_write_vector'
     1>lib3ds\io.c(501): warning C4273: 'lib3ds_io_write_rgb' : inconsistent dll linkage
                 C:\Prog\bab_code_2010\qprog\libs\lib3ds\lib3ds/io.h(75) : see previous definition of 'lib3ds_io_write_rgb'
     1>lib3ds\io.c(519): warning C4273: 'lib3ds_io_write_string' : inconsistent dll linkage
                 C:\Prog\bab_code_2010\qprog\libs\lib3ds\lib3ds/io.h(76) : see previous definition of 'lib3ds_io_write_string'
         light.c
     1>lib3ds\light.c(41): warning C4273: 'lib3ds_light_new' : inconsistent dll linkage
                 C:\Prog\bab_code_2010\qprog\libs\lib3ds\lib3ds/light.h(69) : see previous definition of 'lib3ds_light_new'
     1>lib3ds\light.c(51): warning C4996: 'strcpy': This function or variable may be unsafe. Consider using strcpy_s instead. To disable deprecation, use _CRT_SECURE_NO_WARNINGS. See online help for details.
     1>lib3ds\light.c(61): warning C4273: 'lib3ds_light_free' : inconsistent dll linkage
                 C:\Prog\bab_code_2010\qprog\libs\lib3ds\lib3ds/light.h(70) : see previous definition of 'lib3ds_light_free'
     1>lib3ds\light.c(72): warning C4273: 'lib3ds_light_dump' : inconsistent dll linkage
                 C:\Prog\bab_code_2010\qprog\libs\lib3ds\lib3ds/light.h(71) : see previous definition of 'lib3ds_light_dump'
     1>lib3ds\light.c(198): warning C4273: 'lib3ds_light_read' : inconsistent dll linkage
                 C:\Prog\bab_code_2010\qprog\libs\lib3ds\lib3ds/light.h(72) : see previous definition of 'lib3ds_light_read'
     1>lib3ds\light.c(276): warning C4273: 'lib3ds_light_write' : inconsistent dll linkage
                 C:\Prog\bab_code_2010\qprog\libs\lib3ds\lib3ds/light.h(73) : see previous definition of 'lib3ds_light_write'
         material.c
     1>lib3ds\material.c(57): warning C4273: 'lib3ds_material_new' : inconsistent dll linkage
                 C:\Prog\bab_code_2010\qprog\libs\lib3ds\lib3ds/material.h(158) : see previous definition of 'lib3ds_material_new'
     1>lib3ds\material.c(98): warning C4273: 'lib3ds_material_free' : inconsistent dll linkage
                 C:\Prog\bab_code_2010\qprog\libs\lib3ds\lib3ds/material.h(159) : see previous definition of 'lib3ds_material_free'
     1>lib3ds\material.c(336): warning C4273: 'lib3ds_material_dump' : inconsistent dll linkage
                 C:\Prog\bab_code_2010\qprog\libs\lib3ds\lib3ds/material.h(160) : see previous definition of 'lib3ds_material_dump'
     1>lib3ds\material.c(392): warning C4273: 'lib3ds_material_read' : inconsistent dll linkage
                 C:\Prog\bab_code_2010\qprog\libs\lib3ds\lib3ds/material.h(161) : see previous definition of 'lib3ds_material_read'
     1>lib3ds\material.c(868): warning C4273: 'lib3ds_material_write' : inconsistent dll linkage
                 C:\Prog\bab_code_2010\qprog\libs\lib3ds\lib3ds/material.h(162) : see previous definition of 'lib3ds_material_write'
         matrix.c
     1>lib3ds\matrix.c(49): warning C4273: 'lib3ds_matrix_zero' : inconsistent dll linkage
                 C:\Prog\bab_code_2010\qprog\libs\lib3ds\lib3ds/matrix.h(34) : see previous definition of 'lib3ds_matrix_zero'
     1>lib3ds\matrix.c(67): warning C4273: 'lib3ds_matrix_identity' : inconsistent dll linkage
                 C:\Prog\bab_code_2010\qprog\libs\lib3ds\lib3ds/matrix.h(35) : see previous definition of 'lib3ds_matrix_identity'
     1>lib3ds\matrix.c(84): warning C4273: 'lib3ds_matrix_copy' : inconsistent dll linkage
                 C:\Prog\bab_code_2010\qprog\libs\lib3ds\lib3ds/matrix.h(36) : see previous definition of 'lib3ds_matrix_copy'
     1>lib3ds\matrix.c(96): warning C4273: 'lib3ds_matrix_neg' : inconsistent dll linkage
                 C:\Prog\bab_code_2010\qprog\libs\lib3ds\lib3ds/matrix.h(37) : see previous definition of 'lib3ds_matrix_neg'
     1>lib3ds\matrix.c(114): warning C4273: 'lib3ds_matrix_abs' : inconsistent dll linkage
                 C:\Prog\bab_code_2010\qprog\libs\lib3ds\lib3ds/matrix.h(38) : see previous definition of 'lib3ds_matrix_abs'
     1>lib3ds\matrix.c(132): warning C4273: 'lib3ds_matrix_transpose' : inconsistent dll linkage
                 C:\Prog\bab_code_2010\qprog\libs\lib3ds\lib3ds/matrix.h(39) : see previous definition of 'lib3ds_matrix_transpose'
     1>lib3ds\matrix.c(153): warning C4273: '_lib3ds_matrix_add' : inconsistent dll linkage
                 C:\Prog\bab_code_2010\qprog\libs\lib3ds\lib3ds/matrix.h(40) : see previous definition of '_lib3ds_matrix_add'
     1>lib3ds\matrix.c(175): warning C4273: '_lib3ds_matrix_sub' : inconsistent dll linkage
                 C:\Prog\bab_code_2010\qprog\libs\lib3ds\lib3ds/matrix.h(41) : see previous definition of '_lib3ds_matrix_sub'
     1>lib3ds\matrix.c(193): warning C4273: 'lib3ds_matrix_mult' : inconsistent dll linkage
                 C:\Prog\bab_code_2010\qprog\libs\lib3ds\lib3ds/matrix.h(42) : see previous definition of 'lib3ds_matrix_mult'
     1>lib3ds\matrix.c(219): warning C4273: 'lib3ds_matrix_scalar' : inconsistent dll linkage
                 C:\Prog\bab_code_2010\qprog\libs\lib3ds\lib3ds/matrix.h(43) : see previous definition of 'lib3ds_matrix_scalar'
     1>lib3ds\matrix.c(260): warning C4273: 'lib3ds_matrix_det' : inconsistent dll linkage
                 C:\Prog\bab_code_2010\qprog\libs\lib3ds\lib3ds/matrix.h(44) : see previous definition of 'lib3ds_matrix_det'
     1>lib3ds\matrix.c(295): warning C4273: 'lib3ds_matrix_adjoint' : inconsistent dll linkage
                 C:\Prog\bab_code_2010\qprog\libs\lib3ds\lib3ds/matrix.h(45) : see previous definition of 'lib3ds_matrix_adjoint'
     1>lib3ds\matrix.c(345): warning C4273: 'lib3ds_matrix_inv' : inconsistent dll linkage
                 C:\Prog\bab_code_2010\qprog\libs\lib3ds\lib3ds/matrix.h(46) : see previous definition of 'lib3ds_matrix_inv'
     1>lib3ds\matrix.c(447): warning C4273: 'lib3ds_matrix_translate_xyz' : inconsistent dll linkage
                 C:\Prog\bab_code_2010\qprog\libs\lib3ds\lib3ds/matrix.h(47) : see previous definition of 'lib3ds_matrix_translate_xyz'
     1>lib3ds\matrix.c(463): warning C4273: 'lib3ds_matrix_translate' : inconsistent dll linkage
                 C:\Prog\bab_code_2010\qprog\libs\lib3ds\lib3ds/matrix.h(48) : see previous definition of 'lib3ds_matrix_translate'
     1>lib3ds\matrix.c(479): warning C4273: 'lib3ds_matrix_scale_xyz' : inconsistent dll linkage
                 C:\Prog\bab_code_2010\qprog\libs\lib3ds\lib3ds/matrix.h(49) : see previous definition of 'lib3ds_matrix_scale_xyz'
     1>lib3ds\matrix.c(497): warning C4273: 'lib3ds_matrix_scale' : inconsistent dll linkage
                 C:\Prog\bab_code_2010\qprog\libs\lib3ds\lib3ds/matrix.h(50) : see previous definition of 'lib3ds_matrix_scale'
     1>lib3ds\matrix.c(515): warning C4273: 'lib3ds_matrix_rotate_x' : inconsistent dll linkage
                 C:\Prog\bab_code_2010\qprog\libs\lib3ds\lib3ds/matrix.h(51) : see previous definition of 'lib3ds_matrix_rotate_x'
     1>lib3ds\matrix.c(541): warning C4273: 'lib3ds_matrix_rotate_y' : inconsistent dll linkage
                 C:\Prog\bab_code_2010\qprog\libs\lib3ds\lib3ds/matrix.h(52) : see previous definition of 'lib3ds_matrix_rotate_y'
     1>lib3ds\matrix.c(567): warning C4273: 'lib3ds_matrix_rotate_z' : inconsistent dll linkage
                 C:\Prog\bab_code_2010\qprog\libs\lib3ds\lib3ds/matrix.h(53) : see previous definition of 'lib3ds_matrix_rotate_z'
     1>lib3ds\matrix.c(593): warning C4273: 'lib3ds_matrix_rotate' : inconsistent dll linkage
                 C:\Prog\bab_code_2010\qprog\libs\lib3ds\lib3ds/matrix.h(54) : see previous definition of 'lib3ds_matrix_rotate'
     1>lib3ds\matrix.c(633): warning C4273: 'lib3ds_matrix_rotate_axis' : inconsistent dll linkage
                 C:\Prog\bab_code_2010\qprog\libs\lib3ds\lib3ds/matrix.h(55) : see previous definition of 'lib3ds_matrix_rotate_axis'
     1>lib3ds\matrix.c(658): warning C4273: 'lib3ds_matrix_camera' : inconsistent dll linkage
                 C:\Prog\bab_code_2010\qprog\libs\lib3ds\lib3ds/matrix.h(56) : see previous definition of 'lib3ds_matrix_camera'
     1>lib3ds\matrix.c(704): warning C4273: 'lib3ds_matrix_dump' : inconsistent dll linkage
                 C:\Prog\bab_code_2010\qprog\libs\lib3ds\lib3ds/matrix.h(57) : see previous definition of 'lib3ds_matrix_dump'
         mesh.c
     1>lib3ds\mesh.c(58): warning C4996: 'strcpy': This function or variable may be unsafe. Consider using strcpy_s instead. To disable deprecation, use _CRT_SECURE_NO_WARNINGS. See online help for details.
     1>lib3ds\mesh.c(91): warning C4996: 'strcpy': This function or variable may be unsafe. Consider using strcpy_s instead. To disable deprecation, use _CRT_SECURE_NO_WARNINGS. See online help for details.
     1>lib3ds\mesh.c(102): warning C4996: 'strcpy': This function or variable may be unsafe. Consider using strcpy_s instead. To disable deprecation, use _CRT_SECURE_NO_WARNINGS. See online help for details.
     1>lib3ds\mesh.c(106): warning C4996: 'strcpy': This function or variable may be unsafe. Consider using strcpy_s instead. To disable deprecation, use _CRT_SECURE_NO_WARNINGS. See online help for details.
     1>lib3ds\mesh.c(110): warning C4996: 'strcpy': This function or variable may be unsafe. Consider using strcpy_s instead. To disable deprecation, use _CRT_SECURE_NO_WARNINGS. See online help for details.
     1>lib3ds\mesh.c(114): warning C4996: 'strcpy': This function or variable may be unsafe. Consider using strcpy_s instead. To disable deprecation, use _CRT_SECURE_NO_WARNINGS. See online help for details.
     1>lib3ds\mesh.c(118): warning C4996: 'strcpy': This function or variable may be unsafe. Consider using strcpy_s instead. To disable deprecation, use _CRT_SECURE_NO_WARNINGS. See online help for details.
     1>lib3ds\mesh.c(122): warning C4996: 'strcpy': This function or variable may be unsafe. Consider using strcpy_s instead. To disable deprecation, use _CRT_SECURE_NO_WARNINGS. See online help for details.
     1>lib3ds\mesh.c(152): warning C4273: 'lib3ds_mesh_new' : inconsistent dll linkage
                 C:\Prog\bab_code_2010\qprog\libs\lib3ds\lib3ds/mesh.h(137) : see previous definition of 'lib3ds_mesh_new'
     1>lib3ds\mesh.c(162): warning C4996: 'strcpy': This function or variable may be unsafe. Consider using strcpy_s instead. To disable deprecation, use _CRT_SECURE_NO_WARNINGS. See online help for details.
     1>lib3ds\mesh.c(178): warning C4273: 'lib3ds_mesh_free' : inconsistent dll linkage
                 C:\Prog\bab_code_2010\qprog\libs\lib3ds\lib3ds/mesh.h(138) : see previous definition of 'lib3ds_mesh_free'
     1>lib3ds\mesh.c(203): warning C4273: 'lib3ds_mesh_new_point_list' : inconsistent dll linkage
                 C:\Prog\bab_code_2010\qprog\libs\lib3ds\lib3ds/mesh.h(139) : see previous definition of 'lib3ds_mesh_new_point_list'
     1>lib3ds\mesh.c(233): warning C4273: 'lib3ds_mesh_free_point_list' : inconsistent dll linkage
                 C:\Prog\bab_code_2010\qprog\libs\lib3ds\lib3ds/mesh.h(140) : see previous definition of 'lib3ds_mesh_free_point_list'
     1>lib3ds\mesh.c(263): warning C4273: 'lib3ds_mesh_new_flag_list' : inconsistent dll linkage
                 C:\Prog\bab_code_2010\qprog\libs\lib3ds\lib3ds/mesh.h(141) : see previous definition of 'lib3ds_mesh_new_flag_list'
     1>lib3ds\mesh.c(293): warning C4273: 'lib3ds_mesh_free_flag_list' : inconsistent dll linkage
                 C:\Prog\bab_code_2010\qprog\libs\lib3ds\lib3ds/mesh.h(142) : see previous definition of 'lib3ds_mesh_free_flag_list'
     1>lib3ds\mesh.c(322): warning C4273: 'lib3ds_mesh_new_texel_list' : inconsistent dll linkage
                 C:\Prog\bab_code_2010\qprog\libs\lib3ds\lib3ds/mesh.h(143) : see previous definition of 'lib3ds_mesh_new_texel_list'
     1>lib3ds\mesh.c(352): warning C4273: 'lib3ds_mesh_free_texel_list' : inconsistent dll linkage
                 C:\Prog\bab_code_2010\qprog\libs\lib3ds\lib3ds/mesh.h(144) : see previous definition of 'lib3ds_mesh_free_texel_list'
     1>lib3ds\mesh.c(381): warning C4273: 'lib3ds_mesh_new_face_list' : inconsistent dll linkage
                 C:\Prog\bab_code_2010\qprog\libs\lib3ds\lib3ds/mesh.h(145) : see previous definition of 'lib3ds_mesh_new_face_list'
     1>lib3ds\mesh.c(411): warning C4273: 'lib3ds_mesh_free_face_list' : inconsistent dll linkage
                 C:\Prog\bab_code_2010\qprog\libs\lib3ds\lib3ds/mesh.h(146) : see previous definition of 'lib3ds_mesh_free_face_list'
     1>lib3ds\mesh.c(436): warning C4273: 'lib3ds_mesh_bounding_box' : inconsistent dll linkage
                 C:\Prog\bab_code_2010\qprog\libs\lib3ds\lib3ds/mesh.h(147) : see previous definition of 'lib3ds_mesh_bounding_box'
     1>lib3ds\mesh.c(480): warning C4273: 'lib3ds_mesh_calculate_normals' : inconsistent dll linkage
                 C:\Prog\bab_code_2010\qprog\libs\lib3ds\lib3ds/mesh.h(148) : see previous definition of 'lib3ds_mesh_calculate_normals'
     1>lib3ds\mesh.c(566): warning C4273: 'lib3ds_mesh_dump' : inconsistent dll linkage
                 C:\Prog\bab_code_2010\qprog\libs\lib3ds\lib3ds/mesh.h(149) : see previous definition of 'lib3ds_mesh_dump'
     1>lib3ds\mesh.c(602): warning C4273: 'lib3ds_mesh_read' : inconsistent dll linkage
                 C:\Prog\bab_code_2010\qprog\libs\lib3ds\lib3ds/mesh.h(150) : see previous definition of 'lib3ds_mesh_read'
     1>lib3ds\mesh.c(973): warning C4273: 'lib3ds_mesh_write' : inconsistent dll linkage
                 C:\Prog\bab_code_2010\qprog\libs\lib3ds\lib3ds/mesh.h(151) : see previous definition of 'lib3ds_mesh_write'
         node.c
     1>lib3ds\node.c(49): warning C4273: 'lib3ds_node_new_ambient' : inconsistent dll linkage
                 C:\Prog\bab_code_2010\qprog\libs\lib3ds\lib3ds/node.h(169) : see previous definition of 'lib3ds_node_new_ambient'
     1>lib3ds\node.c(69): warning C4273: 'lib3ds_node_new_object' : inconsistent dll linkage
                 C:\Prog\bab_code_2010\qprog\libs\lib3ds\lib3ds/node.h(170) : see previous definition of 'lib3ds_node_new_object'
     1>lib3ds\node.c(89): warning C4273: 'lib3ds_node_new_camera' : inconsistent dll linkage
                 C:\Prog\bab_code_2010\qprog\libs\lib3ds\lib3ds/node.h(171) : see previous definition of 'lib3ds_node_new_camera'
     1>lib3ds\node.c(109): warning C4273: 'lib3ds_node_new_target' : inconsistent dll linkage
                 C:\Prog\bab_code_2010\qprog\libs\lib3ds\lib3ds/node.h(172) : see previous definition of 'lib3ds_node_new_target'
     1>lib3ds\node.c(129): warning C4273: 'lib3ds_node_new_light' : inconsistent dll linkage
                 C:\Prog\bab_code_2010\qprog\libs\lib3ds\lib3ds/node.h(173) : see previous definition of 'lib3ds_node_new_light'
     1>lib3ds\node.c(149): warning C4273: 'lib3ds_node_new_spot' : inconsistent dll linkage
                 C:\Prog\bab_code_2010\qprog\libs\lib3ds\lib3ds/node.h(174) : see previous definition of 'lib3ds_node_new_spot'
     1>lib3ds\node.c(233): warning C4273: 'lib3ds_node_free' : inconsistent dll linkage
                 C:\Prog\bab_code_2010\qprog\libs\lib3ds\lib3ds/node.h(175) : see previous definition of 'lib3ds_node_free'
     1>lib3ds\node.c(252): warning C4273: 'lib3ds_node_eval' : inconsistent dll linkage
                 C:\Prog\bab_code_2010\qprog\libs\lib3ds\lib3ds/node.h(176) : see previous definition of 'lib3ds_node_eval'
     1>lib3ds\node.c(387): warning C4273: 'lib3ds_node_by_name' : inconsistent dll linkage
                 C:\Prog\bab_code_2010\qprog\libs\lib3ds\lib3ds/node.h(177) : see previous definition of 'lib3ds_node_by_name'
     1>lib3ds\node.c(417): warning C4273: 'lib3ds_node_by_id' : inconsistent dll linkage
                 C:\Prog\bab_code_2010\qprog\libs\lib3ds\lib3ds/node.h(179) : see previous definition of 'lib3ds_node_by_id'
     1>lib3ds\node.c(454): warning C4273: 'lib3ds_node_dump' : inconsistent dll linkage
                 C:\Prog\bab_code_2010\qprog\libs\lib3ds\lib3ds/node.h(180) : see previous definition of 'lib3ds_node_dump'
     1>lib3ds\node.c(489): warning C4273: 'lib3ds_node_read' : inconsistent dll linkage
                 C:\Prog\bab_code_2010\qprog\libs\lib3ds\lib3ds/node.h(181) : see previous definition of 'lib3ds_node_read'
     1>lib3ds\node.c(488): warning C4100: 'file' : unreferenced formal parameter
     1>lib3ds\node.c(746): warning C4273: 'lib3ds_node_write' : inconsistent dll linkage
                 C:\Prog\bab_code_2010\qprog\libs\lib3ds\lib3ds/node.h(182) : see previous definition of 'lib3ds_node_write'
         quat.c
     1>lib3ds\quat.c(43): warning C4273: 'lib3ds_quat_zero' : inconsistent dll linkage
                 C:\Prog\bab_code_2010\qprog\libs\lib3ds\lib3ds/quat.h(34) : see previous definition of 'lib3ds_quat_zero'
     1>lib3ds\quat.c(54): warning C4273: 'lib3ds_quat_identity' : inconsistent dll linkage
                 C:\Prog\bab_code_2010\qprog\libs\lib3ds\lib3ds/quat.h(35) : see previous definition of 'lib3ds_quat_identity'
     1>lib3ds\quat.c(66): warning C4273: 'lib3ds_quat_copy' : inconsistent dll linkage
                 C:\Prog\bab_code_2010\qprog\libs\lib3ds\lib3ds/quat.h(36) : see previous definition of 'lib3ds_quat_copy'
     1>lib3ds\quat.c(85): warning C4273: 'lib3ds_quat_axis_angle' : inconsistent dll linkage
                 C:\Prog\bab_code_2010\qprog\libs\lib3ds\lib3ds/quat.h(37) : see previous definition of 'lib3ds_quat_axis_angle'
     1>lib3ds\quat.c(112): warning C4273: 'lib3ds_quat_neg' : inconsistent dll linkage
                 C:\Prog\bab_code_2010\qprog\libs\lib3ds\lib3ds/quat.h(38) : see previous definition of 'lib3ds_quat_neg'
     1>lib3ds\quat.c(127): warning C4273: 'lib3ds_quat_abs' : inconsistent dll linkage
                 C:\Prog\bab_code_2010\qprog\libs\lib3ds\lib3ds/quat.h(39) : see previous definition of 'lib3ds_quat_abs'
     1>lib3ds\quat.c(142): warning C4273: 'lib3ds_quat_cnj' : inconsistent dll linkage
                 C:\Prog\bab_code_2010\qprog\libs\lib3ds\lib3ds/quat.h(40) : see previous definition of 'lib3ds_quat_cnj'
     1>lib3ds\quat.c(159): warning C4273: 'lib3ds_quat_mul' : inconsistent dll linkage
                 C:\Prog\bab_code_2010\qprog\libs\lib3ds\lib3ds/quat.h(41) : see previous definition of 'lib3ds_quat_mul'
     1>lib3ds\quat.c(174): warning C4273: 'lib3ds_quat_scalar' : inconsistent dll linkage
                 C:\Prog\bab_code_2010\qprog\libs\lib3ds\lib3ds/quat.h(42) : see previous definition of 'lib3ds_quat_scalar'
     1>lib3ds\quat.c(189): warning C4273: 'lib3ds_quat_normalize' : inconsistent dll linkage
                 C:\Prog\bab_code_2010\qprog\libs\lib3ds\lib3ds/quat.h(43) : see previous definition of 'lib3ds_quat_normalize'
     1>lib3ds\quat.c(214): warning C4273: 'lib3ds_quat_inv' : inconsistent dll linkage
                 C:\Prog\bab_code_2010\qprog\libs\lib3ds\lib3ds/quat.h(44) : see previous definition of 'lib3ds_quat_inv'
     1>lib3ds\quat.c(239): warning C4273: 'lib3ds_quat_dot' : inconsistent dll linkage
                 C:\Prog\bab_code_2010\qprog\libs\lib3ds\lib3ds/quat.h(45) : see previous definition of 'lib3ds_quat_dot'
     1>lib3ds\quat.c(249): warning C4273: 'lib3ds_quat_squared' : inconsistent dll linkage
                 C:\Prog\bab_code_2010\qprog\libs\lib3ds\lib3ds/quat.h(46) : see previous definition of 'lib3ds_quat_squared'
     1>lib3ds\quat.c(259): warning C4273: 'lib3ds_quat_length' : inconsistent dll linkage
                 C:\Prog\bab_code_2010\qprog\libs\lib3ds\lib3ds/quat.h(47) : see previous definition of 'lib3ds_quat_length'
     1>lib3ds\quat.c(269): warning C4273: 'lib3ds_quat_ln' : inconsistent dll linkage
                 C:\Prog\bab_code_2010\qprog\libs\lib3ds\lib3ds/quat.h(48) : see previous definition of 'lib3ds_quat_ln'
     1>lib3ds\quat.c(295): warning C4273: 'lib3ds_quat_ln_dif' : inconsistent dll linkage
                 C:\Prog\bab_code_2010\qprog\libs\lib3ds\lib3ds/quat.h(49) : see previous definition of 'lib3ds_quat_ln_dif'
     1>lib3ds\quat.c(310): warning C4273: 'lib3ds_quat_exp' : inconsistent dll linkage
                 C:\Prog\bab_code_2010\qprog\libs\lib3ds\lib3ds/quat.h(50) : see previous definition of 'lib3ds_quat_exp'
     1>lib3ds\quat.c(335): warning C4273: 'lib3ds_quat_slerp' : inconsistent dll linkage
                 C:\Prog\bab_code_2010\qprog\libs\lib3ds\lib3ds/quat.h(51) : see previous definition of 'lib3ds_quat_slerp'
     1>lib3ds\quat.c(380): warning C4273: 'lib3ds_quat_squad' : inconsistent dll linkage
                 C:\Prog\bab_code_2010\qprog\libs\lib3ds\lib3ds/quat.h(52) : see previous definition of 'lib3ds_quat_squad'
     1>lib3ds\quat.c(395): warning C4273: 'lib3ds_quat_tangent' : inconsistent dll linkage
                 C:\Prog\bab_code_2010\qprog\libs\lib3ds\lib3ds/quat.h(54) : see previous definition of 'lib3ds_quat_tangent'
     1>lib3ds\quat.c(415): warning C4273: 'lib3ds_quat_dump' : inconsistent dll linkage
                 C:\Prog\bab_code_2010\qprog\libs\lib3ds\lib3ds/quat.h(55) : see previous definition of 'lib3ds_quat_dump'
         shadow.c
     1>lib3ds\shadow.c(38): warning C4273: 'lib3ds_shadow_read' : inconsistent dll linkage
                 C:\Prog\bab_code_2010\qprog\libs\lib3ds\lib3ds/shadow.h(48) : see previous definition of 'lib3ds_shadow_read'
     1>lib3ds\shadow.c(92): warning C4273: 'lib3ds_shadow_write' : inconsistent dll linkage
                 C:\Prog\bab_code_2010\qprog\libs\lib3ds\lib3ds/shadow.h(49) : see previous definition of 'lib3ds_shadow_write'
         tcb.c
     1>lib3ds\tcb.c(38): warning C4273: 'lib3ds_tcb' : inconsistent dll linkage
                 C:\Prog\bab_code_2010\qprog\libs\lib3ds\lib3ds/tcb.h(52) : see previous definition of 'lib3ds_tcb'
     1>lib3ds\tcb.c(78): warning C4273: 'lib3ds_tcb_read' : inconsistent dll linkage
                 C:\Prog\bab_code_2010\qprog\libs\lib3ds\lib3ds/tcb.h(55) : see previous definition of 'lib3ds_tcb_read'
     1>lib3ds\tcb.c(110): warning C4273: 'lib3ds_tcb_write' : inconsistent dll linkage
                 C:\Prog\bab_code_2010\qprog\libs\lib3ds\lib3ds/tcb.h(56) : see previous definition of 'lib3ds_tcb_write'
         tracks.c
     1>lib3ds\tracks.c(43): warning C4273: 'lib3ds_bool_key_new' : inconsistent dll linkage
                 C:\Prog\bab_code_2010\qprog\libs\lib3ds\lib3ds/tracks.h(151) : see previous definition of 'lib3ds_bool_key_new'
     1>lib3ds\tracks.c(55): warning C4273: 'lib3ds_bool_key_free' : inconsistent dll linkage
                 C:\Prog\bab_code_2010\qprog\libs\lib3ds\lib3ds/tracks.h(152) : see previous definition of 'lib3ds_bool_key_free'
     1>lib3ds\tracks.c(66): warning C4273: 'lib3ds_bool_track_free_keys' : inconsistent dll linkage
                 C:\Prog\bab_code_2010\qprog\libs\lib3ds\lib3ds/tracks.h(153) : see previous definition of 'lib3ds_bool_track_free_keys'
     1>lib3ds\tracks.c(82): warning C4273: 'lib3ds_bool_track_insert' : inconsistent dll linkage
                 C:\Prog\bab_code_2010\qprog\libs\lib3ds\lib3ds/tracks.h(154) : see previous definition of 'lib3ds_bool_track_insert'
     1>lib3ds\tracks.c(121): warning C4273: 'lib3ds_bool_track_remove' : inconsistent dll linkage
                 C:\Prog\bab_code_2010\qprog\libs\lib3ds\lib3ds/tracks.h(155) : see previous definition of 'lib3ds_bool_track_remove'
     1>lib3ds\tracks.c(148): warning C4273: 'lib3ds_bool_track_eval' : inconsistent dll linkage
                 C:\Prog\bab_code_2010\qprog\libs\lib3ds\lib3ds/tracks.h(156) : see previous definition of 'lib3ds_bool_track_eval'
     1>lib3ds\tracks.c(193): warning C4273: 'lib3ds_bool_track_read' : inconsistent dll linkage
                 C:\Prog\bab_code_2010\qprog\libs\lib3ds\lib3ds/tracks.h(157) : see previous definition of 'lib3ds_bool_track_read'
     1>lib3ds\tracks.c(220): warning C4273: 'lib3ds_bool_track_write' : inconsistent dll linkage
                 C:\Prog\bab_code_2010\qprog\libs\lib3ds\lib3ds/tracks.h(158) : see previous definition of 'lib3ds_bool_track_write'
     1>lib3ds\tracks.c(245): warning C4273: 'lib3ds_lin1_key_new' : inconsistent dll linkage
                 C:\Prog\bab_code_2010\qprog\libs\lib3ds\lib3ds/tracks.h(160) : see previous definition of 'lib3ds_lin1_key_new'
     1>lib3ds\tracks.c(257): warning C4273: 'lib3ds_lin1_key_free' : inconsistent dll linkage
                 C:\Prog\bab_code_2010\qprog\libs\lib3ds\lib3ds/tracks.h(161) : see previous definition of 'lib3ds_lin1_key_free'
     1>lib3ds\tracks.c(268): warning C4273: 'lib3ds_lin1_track_free_keys' : inconsistent dll linkage
                 C:\Prog\bab_code_2010\qprog\libs\lib3ds\lib3ds/tracks.h(162) : see previous definition of 'lib3ds_lin1_track_free_keys'
     1>lib3ds\tracks.c(285): warning C4273: 'lib3ds_lin1_key_setup' : inconsistent dll linkage
                 C:\Prog\bab_code_2010\qprog\libs\lib3ds\lib3ds/tracks.h(163) : see previous definition of 'lib3ds_lin1_key_setup'
     1>lib3ds\tracks.c(330): warning C4273: 'lib3ds_lin1_track_setup' : inconsistent dll linkage
                 C:\Prog\bab_code_2010\qprog\libs\lib3ds\lib3ds/tracks.h(165) : see previous definition of 'lib3ds_lin1_track_setup'
     1>lib3ds\tracks.c(375): warning C4273: 'lib3ds_lin1_track_insert' : inconsistent dll linkage
                 C:\Prog\bab_code_2010\qprog\libs\lib3ds\lib3ds/tracks.h(166) : see previous definition of 'lib3ds_lin1_track_insert'
     1>lib3ds\tracks.c(414): warning C4273: 'lib3ds_lin1_track_remove' : inconsistent dll linkage
                 C:\Prog\bab_code_2010\qprog\libs\lib3ds\lib3ds/tracks.h(167) : see previous definition of 'lib3ds_lin1_track_remove'
     1>lib3ds\tracks.c(454): warning C4273: 'lib3ds_lin1_track_eval' : inconsistent dll linkage
                 C:\Prog\bab_code_2010\qprog\libs\lib3ds\lib3ds/tracks.h(168) : see previous definition of 'lib3ds_lin1_track_eval'
     1>lib3ds\tracks.c(510): warning C4273: 'lib3ds_lin1_track_read' : inconsistent dll linkage
                 C:\Prog\bab_code_2010\qprog\libs\lib3ds\lib3ds/tracks.h(169) : see previous definition of 'lib3ds_lin1_track_read'
     1>lib3ds\tracks.c(538): warning C4273: 'lib3ds_lin1_track_write' : inconsistent dll linkage
                 C:\Prog\bab_code_2010\qprog\libs\lib3ds\lib3ds/tracks.h(170) : see previous definition of 'lib3ds_lin1_track_write'
     1>lib3ds\tracks.c(567): warning C4273: 'lib3ds_lin3_key_new' : inconsistent dll linkage
                 C:\Prog\bab_code_2010\qprog\libs\lib3ds\lib3ds/tracks.h(172) : see previous definition of 'lib3ds_lin3_key_new'
     1>lib3ds\tracks.c(581): warning C4273: 'lib3ds_lin3_key_free' : inconsistent dll linkage
                 C:\Prog\bab_code_2010\qprog\libs\lib3ds\lib3ds/tracks.h(173) : see previous definition of 'lib3ds_lin3_key_free'
     1>lib3ds\tracks.c(594): warning C4273: 'lib3ds_lin3_track_free_keys' : inconsistent dll linkage
                 C:\Prog\bab_code_2010\qprog\libs\lib3ds\lib3ds/tracks.h(174) : see previous definition of 'lib3ds_lin3_track_free_keys'
     1>lib3ds\tracks.c(611): warning C4273: 'lib3ds_lin3_key_setup' : inconsistent dll linkage
                 C:\Prog\bab_code_2010\qprog\libs\lib3ds\lib3ds/tracks.h(175) : see previous definition of 'lib3ds_lin3_key_setup'
     1>lib3ds\tracks.c(659): warning C4273: 'lib3ds_lin3_track_setup' : inconsistent dll linkage
                 C:\Prog\bab_code_2010\qprog\libs\lib3ds\lib3ds/tracks.h(177) : see previous definition of 'lib3ds_lin3_track_setup'
     1>lib3ds\tracks.c(704): warning C4273: 'lib3ds_lin3_track_insert' : inconsistent dll linkage
                 C:\Prog\bab_code_2010\qprog\libs\lib3ds\lib3ds/tracks.h(178) : see previous definition of 'lib3ds_lin3_track_insert'
     1>lib3ds\tracks.c(743): warning C4273: 'lib3ds_lin3_track_remove' : inconsistent dll linkage
                 C:\Prog\bab_code_2010\qprog\libs\lib3ds\lib3ds/tracks.h(179) : see previous definition of 'lib3ds_lin3_track_remove'
     1>lib3ds\tracks.c(770): warning C4273: 'lib3ds_lin3_track_eval' : inconsistent dll linkage
                 C:\Prog\bab_code_2010\qprog\libs\lib3ds\lib3ds/tracks.h(180) : see previous definition of 'lib3ds_lin3_track_eval'
     1>lib3ds\tracks.c(826): warning C4273: 'lib3ds_lin3_track_read' : inconsistent dll linkage
                 C:\Prog\bab_code_2010\qprog\libs\lib3ds\lib3ds/tracks.h(181) : see previous definition of 'lib3ds_lin3_track_read'
     1>lib3ds\tracks.c(856): warning C4273: 'lib3ds_lin3_track_write' : inconsistent dll linkage
                 C:\Prog\bab_code_2010\qprog\libs\lib3ds\lib3ds/tracks.h(182) : see previous definition of 'lib3ds_lin3_track_write'
     1>lib3ds\tracks.c(882): warning C4273: 'lib3ds_quat_key_new' : inconsistent dll linkage
                 C:\Prog\bab_code_2010\qprog\libs\lib3ds\lib3ds/tracks.h(184) : see previous definition of 'lib3ds_quat_key_new'
     1>lib3ds\tracks.c(894): warning C4273: 'lib3ds_quat_key_free' : inconsistent dll linkage
                 C:\Prog\bab_code_2010\qprog\libs\lib3ds\lib3ds/tracks.h(185) : see previous definition of 'lib3ds_quat_key_free'
     1>lib3ds\tracks.c(905): warning C4273: 'lib3ds_quat_track_free_keys' : inconsistent dll linkage
                 C:\Prog\bab_code_2010\qprog\libs\lib3ds\lib3ds/tracks.h(186) : see previous definition of 'lib3ds_quat_track_free_keys'
     1>lib3ds\tracks.c(922): warning C4273: 'lib3ds_quat_key_setup' : inconsistent dll linkage
                 C:\Prog\bab_code_2010\qprog\libs\lib3ds\lib3ds/tracks.h(187) : see previous definition of 'lib3ds_quat_key_setup'
     1>lib3ds\tracks.c(996): warning C4273: 'lib3ds_quat_track_setup' : inconsistent dll linkage
                 C:\Prog\bab_code_2010\qprog\libs\lib3ds\lib3ds/tracks.h(189) : see previous definition of 'lib3ds_quat_track_setup'
     1>lib3ds\tracks.c(1052): warning C4273: 'lib3ds_quat_track_insert' : inconsistent dll linkage
                 C:\Prog\bab_code_2010\qprog\libs\lib3ds\lib3ds/tracks.h(190) : see previous definition of 'lib3ds_quat_track_insert'
     1>lib3ds\tracks.c(1091): warning C4273: 'lib3ds_quat_track_remove' : inconsistent dll linkage
                 C:\Prog\bab_code_2010\qprog\libs\lib3ds\lib3ds/tracks.h(191) : see previous definition of 'lib3ds_quat_track_remove'
     1>lib3ds\tracks.c(1118): warning C4273: 'lib3ds_quat_track_eval' : inconsistent dll linkage
                 C:\Prog\bab_code_2010\qprog\libs\lib3ds\lib3ds/tracks.h(192) : see previous definition of 'lib3ds_quat_track_eval'
     1>lib3ds\tracks.c(1174): warning C4273: 'lib3ds_quat_track_read' : inconsistent dll linkage
                 C:\Prog\bab_code_2010\qprog\libs\lib3ds\lib3ds/tracks.h(193) : see previous definition of 'lib3ds_quat_track_read'
     1>lib3ds\tracks.c(1205): warning C4273: 'lib3ds_quat_track_write' : inconsistent dll linkage
                 C:\Prog\bab_code_2010\qprog\libs\lib3ds\lib3ds/tracks.h(194) : see previous definition of 'lib3ds_quat_track_write'
     1>lib3ds\tracks.c(1232): warning C4273: 'lib3ds_morph_key_new' : inconsistent dll linkage
                 C:\Prog\bab_code_2010\qprog\libs\lib3ds\lib3ds/tracks.h(196) : see previous definition of 'lib3ds_morph_key_new'
     1>lib3ds\tracks.c(1244): warning C4273: 'lib3ds_morph_key_free' : inconsistent dll linkage
                 C:\Prog\bab_code_2010\qprog\libs\lib3ds\lib3ds/tracks.h(197) : see previous definition of 'lib3ds_morph_key_free'
     1>lib3ds\tracks.c(1255): warning C4273: 'lib3ds_morph_track_free_keys' : inconsistent dll linkage
                 C:\Prog\bab_code_2010\qprog\libs\lib3ds\lib3ds/tracks.h(198) : see previous definition of 'lib3ds_morph_track_free_keys'
     1>lib3ds\tracks.c(1271): warning C4273: 'lib3ds_morph_track_insert' : inconsistent dll linkage
                 C:\Prog\bab_code_2010\qprog\libs\lib3ds\lib3ds/tracks.h(199) : see previous definition of 'lib3ds_morph_track_insert'
     1>lib3ds\tracks.c(1310): warning C4273: 'lib3ds_morph_track_remove' : inconsistent dll linkage
                 C:\Prog\bab_code_2010\qprog\libs\lib3ds\lib3ds/tracks.h(200) : see previous definition of 'lib3ds_morph_track_remove'
     1>lib3ds\tracks.c(1337): warning C4273: 'lib3ds_morph_track_eval' : inconsistent dll linkage
                 C:\Prog\bab_code_2010\qprog\libs\lib3ds\lib3ds/tracks.h(201) : see previous definition of 'lib3ds_morph_track_eval'
     1>lib3ds\tracks.c(1343): warning C4996: 'strcpy': This function or variable may be unsafe. Consider using strcpy_s instead. To disable deprecation, use _CRT_SECURE_NO_WARNINGS. See online help for details.
     1>lib3ds\tracks.c(1347): warning C4996: 'strcpy': This function or variable may be unsafe. Consider using strcpy_s instead. To disable deprecation, use _CRT_SECURE_NO_WARNINGS. See online help for details.
     1>lib3ds\tracks.c(1365): warning C4996: 'strcpy': This function or variable may be unsafe. Consider using strcpy_s instead. To disable deprecation, use _CRT_SECURE_NO_WARNINGS. See online help for details.
     1>lib3ds\tracks.c(1368): warning C4996: 'strcpy': This function or variable may be unsafe. Consider using strcpy_s instead. To disable deprecation, use _CRT_SECURE_NO_WARNINGS. See online help for details.
     1>lib3ds\tracks.c(1378): warning C4273: 'lib3ds_morph_track_read' : inconsistent dll linkage
                 C:\Prog\bab_code_2010\qprog\libs\lib3ds\lib3ds/tracks.h(202) : see previous definition of 'lib3ds_morph_track_read'
     1>lib3ds\tracks.c(1411): warning C4273: 'lib3ds_morph_track_write' : inconsistent dll linkage
                 C:\Prog\bab_code_2010\qprog\libs\lib3ds\lib3ds/tracks.h(203) : see previous definition of 'lib3ds_morph_track_write'
     1>lib3ds\tracks.c(1410): warning C4100: 'io' : unreferenced formal parameter
     1>lib3ds\tracks.c(1410): warning C4100: 'track' : unreferenced formal parameter
         vector.c
     1>lib3ds\vector.c(46): warning C4273: 'lib3ds_vector_zero' : inconsistent dll linkage
                 C:\Prog\bab_code_2010\qprog\libs\lib3ds\lib3ds/vector.h(34) : see previous definition of 'lib3ds_vector_zero'
     1>lib3ds\vector.c(64): warning C4273: 'lib3ds_vector_copy' : inconsistent dll linkage
                 C:\Prog\bab_code_2010\qprog\libs\lib3ds\lib3ds/vector.h(35) : see previous definition of 'lib3ds_vector_copy'
     1>lib3ds\vector.c(81): warning C4273: 'lib3ds_vector_neg' : inconsistent dll linkage
                 C:\Prog\bab_code_2010\qprog\libs\lib3ds\lib3ds/vector.h(36) : see previous definition of 'lib3ds_vector_neg'
     1>lib3ds\vector.c(100): warning C4273: 'lib3ds_vector_add' : inconsistent dll linkage
                 C:\Prog\bab_code_2010\qprog\libs\lib3ds\lib3ds/vector.h(37) : see previous definition of 'lib3ds_vector_add'
     1>lib3ds\vector.c(119): warning C4273: 'lib3ds_vector_sub' : inconsistent dll linkage
                 C:\Prog\bab_code_2010\qprog\libs\lib3ds\lib3ds/vector.h(38) : see previous definition of 'lib3ds_vector_sub'
     1>lib3ds\vector.c(137): warning C4273: 'lib3ds_vector_scalar' : inconsistent dll linkage
                 C:\Prog\bab_code_2010\qprog\libs\lib3ds\lib3ds/vector.h(39) : see previous definition of 'lib3ds_vector_scalar'
     1>lib3ds\vector.c(156): warning C4273: 'lib3ds_vector_cross' : inconsistent dll linkage
                 C:\Prog\bab_code_2010\qprog\libs\lib3ds\lib3ds/vector.h(40) : see previous definition of 'lib3ds_vector_cross'
     1>lib3ds\vector.c(175): warning C4273: 'lib3ds_vector_dot' : inconsistent dll linkage
                 C:\Prog\bab_code_2010\qprog\libs\lib3ds\lib3ds/vector.h(41) : see previous definition of 'lib3ds_vector_dot'
     1>lib3ds\vector.c(193): warning C4273: 'lib3ds_vector_squared' : inconsistent dll linkage
                 C:\Prog\bab_code_2010\qprog\libs\lib3ds\lib3ds/vector.h(42) : see previous definition of 'lib3ds_vector_squared'
     1>lib3ds\vector.c(211): warning C4273: 'lib3ds_vector_length' : inconsistent dll linkage
                 C:\Prog\bab_code_2010\qprog\libs\lib3ds\lib3ds/vector.h(43) : see previous definition of 'lib3ds_vector_length'
     1>lib3ds\vector.c(227): warning C4273: 'lib3ds_vector_normalize' : inconsistent dll linkage
                 C:\Prog\bab_code_2010\qprog\libs\lib3ds\lib3ds/vector.h(44) : see previous definition of 'lib3ds_vector_normalize'
     1>lib3ds\vector.c(269): warning C4273: 'lib3ds_vector_normal' : inconsistent dll linkage
                 C:\Prog\bab_code_2010\qprog\libs\lib3ds\lib3ds/vector.h(45) : see previous definition of 'lib3ds_vector_normal'
     1>lib3ds\vector.c(293): warning C4273: 'lib3ds_vector_transform' : inconsistent dll linkage
                 C:\Prog\bab_code_2010\qprog\libs\lib3ds\lib3ds/vector.h(47) : see previous definition of 'lib3ds_vector_transform'
     1>lib3ds\vector.c(317): warning C4273: 'lib3ds_vector_cubic' : inconsistent dll linkage
                 C:\Prog\bab_code_2010\qprog\libs\lib3ds\lib3ds/vector.h(48) : see previous definition of 'lib3ds_vector_cubic'
     1>lib3ds\vector.c(339): warning C4273: 'lib3ds_vector_min' : inconsistent dll linkage
                 C:\Prog\bab_code_2010\qprog\libs\lib3ds\lib3ds/vector.h(50) : see previous definition of 'lib3ds_vector_min'
     1>lib3ds\vector.c(358): warning C4273: 'lib3ds_vector_max' : inconsistent dll linkage
                 C:\Prog\bab_code_2010\qprog\libs\lib3ds\lib3ds/vector.h(51) : see previous definition of 'lib3ds_vector_max'
     1>lib3ds\vector.c(373): warning C4273: 'lib3ds_vector_dump' : inconsistent dll linkage
                 C:\Prog\bab_code_2010\qprog\libs\lib3ds\lib3ds/vector.h(52) : see previous definition of 'lib3ds_vector_dump'
         viewport.c
     1>lib3ds\viewport.c(39): warning C4273: 'lib3ds_viewport_read' : inconsistent dll linkage
                 C:\Prog\bab_code_2010\qprog\libs\lib3ds\lib3ds/viewport.h(125) : see previous definition of 'lib3ds_viewport_read'
     1>lib3ds\viewport.c(178): warning C4273: 'lib3ds_viewport_set_views' : inconsistent dll linkage
                 C:\Prog\bab_code_2010\qprog\libs\lib3ds\lib3ds/viewport.h(126) : see previous definition of 'lib3ds_viewport_set_views'
     1>lib3ds\viewport.c(205): warning C4273: 'lib3ds_viewport_write' : inconsistent dll linkage
                 C:\Prog\bab_code_2010\qprog\libs\lib3ds\lib3ds/viewport.h(127) : see previous definition of 'lib3ds_viewport_write'
     1>lib3ds\viewport.c(369): warning C4273: 'lib3ds_viewport_dump' : inconsistent dll linkage
                 C:\Prog\bab_code_2010\qprog\libs\lib3ds\lib3ds/viewport.h(128) : see previous definition of 'lib3ds_viewport_dump'
         Generating Code...
       Lib:
         C:\Program Files (x86)\Microsoft Visual Studio 10.0\VC\BIN\Lib.exe /OUT:"..\..\bin\lib3ds.lib" /NOLOGO Win32\Release\atmosphere.obj
         Win32\Release\background.obj
         Win32\Release\camera.obj
         Win32\Release\chunk.obj
         Win32\Release\ease.obj
         Win32\Release\file.obj
         Win32\Release\io.obj
         Win32\Release\light.obj
         Win32\Release\material.obj
         Win32\Release\matrix.obj
         Win32\Release\mesh.obj
         Win32\Release\node.obj
         Win32\Release\quat.obj
         Win32\Release\shadow.obj
         Win32\Release\tcb.obj
         Win32\Release\tracks.obj
         Win32\Release\vector.obj
         Win32\Release\viewport.obj
         lib3ds.vcxproj -> C:\Prog\bab_code_2010\qprog\libs\lib3ds\..\..\bin\lib3ds.lib
       FinalizeBuildStatus:
         Deleting file "Win32\Release\lib3ds.unsuccessfulbuild".
         Touching "Win32\Release\lib3ds.lastbuildstate".
     1>Done Building Project "C:\Prog\bab_code_2010\qprog\libs\lib3ds\lib3ds.vcxproj" (build target(s)).

Build succeeded.

Time Elapsed 00:00:02.23
