Build started 12/08/2012 23:53:50.
     1>Project "C:\Prog\bab_code_2010\qprog\libs\qglviewer\libQGLViewer-2.3.5\QGLViewer\QGLViewer.vcxproj" on node 2 (build target(s)).
     1>C:\Program Files (x86)\MSBuild\Microsoft.Cpp\v4.0\Microsoft.CppBuild.targets(298,5): warning MSB8004: Intermediate Directory does not end with a trailing slash.  This build instance will add the slash as it is required to allow proper evaluation of the Intermediate Directory.
     1>InitializeBuildStatus:
         Creating "Win32\Release\QGLViewer.unsuccessfulbuild" because "AlwaysCreate" was specified.
       CustomBuild:
         Moc'ing camera.h...
         Moc'ing frame.h...
         Moc'ing keyFrameInterpolator.h...
         Moc'ing manipulatedCameraFrame.h...
         Moc'ing manipulatedFrame.h...
         Moc'ing qglviewer.h...
       ClCompile:
         C:\Program Files (x86)\Microsoft Visual Studio 10.0\VC\BIN\CL.exe /c /IC:\Qt\4.8.2\include\QtCore /IC:\Qt\4.8.2\include\QtGui /IC:\Qt\4.8.2\include\QtOpenGL /IC:\Qt\4.8.2\include\QtXml /IC:\Qt\4.8.2\include /IC:\Qt\4.8.2\include\ActiveQt /Imoc /I. /I"C:\Qt\4.8.2\mkspecs\win32-msvc2010" /I.\GeneratedFiles /Zi /nologo /W3 /WX- /O2 /Oy- /D _WINDOWS /D UNICODE /D WIN32 /D QT_LARGEFILE_SUPPORT /D CREATE_QGLVIEWER_DLL /D QT_DLL /D QT_THREAD_SUPPORT /D QT_THREAD_SUPPORT /D QT_DLL /D QT_NO_DEBUG /D QT_NO_KEYWORDS /D QT_XML_LIB /D QT_OPENGL_LIB /D QT_GUI_LIB /D QT_CORE_LIB /D QT_HAVE_MMX /D QT_HAVE_3DNOW /D QT_HAVE_SSE /D QT_HAVE_MMXEXT /D QT_HAVE_SSE2 /D NDEBUG /D _WINDLL /Gm- /EHsc /MD /GS- /fp:precise /Zc:wchar_t /Zc:forScope /GR /Fo"Win32\Release\\" /Fd"Win32\Release\vc100.pdb" /Gd /TP /analyze- /errorReport:prompt moc\moc_camera.cpp moc\moc_frame.cpp moc\moc_keyFrameInterpolator.cpp moc\moc_manipulatedCameraFrame.cpp moc\moc_manipulatedFrame.cpp moc\moc_qglviewer.cpp -EHs -w34100 -w34189 
         moc_camera.cpp
         moc_frame.cpp
         moc_keyFrameInterpolator.cpp
         moc_manipulatedCameraFrame.cpp
         moc_manipulatedFrame.cpp
         moc_qglviewer.cpp
         Generating Code...
       ResourceCompile:
         All outputs are up-to-date.
       Link:
         C:\Program Files (x86)\Microsoft Visual Studio 10.0\VC\BIN\link.exe /ERRORREPORT:PROMPT /OUT:"release\\QGLViewer2.dll" /VERSION:"2.35" /INCREMENTAL:NO /NOLOGO /LIBPATH:C:\Qt\4.8.2\lib /LIBPATH:C:\Qt\4.8.2\lib glu32.lib opengl32.lib gdi32.lib user32.lib C:\Qt\4.8.2\lib\QtXml4.lib C:\Qt\4.8.2\lib\QtOpenGL4.lib C:\Qt\4.8.2\lib\QtGui4.lib C:\Qt\4.8.2\lib\QtCore4.lib kernel32.lib user32.lib gdi32.lib winspool.lib comdlg32.lib advapi32.lib shell32.lib ole32.lib oleaut32.lib uuid.lib odbc32.lib odbccp32.lib /MANIFEST /ManifestFile:"Win32\Release\QGLViewer2.dll.intermediate.manifest" /MANIFESTUAC:"level='asInvoker' uiAccess='false'" /PDB:"C:\Prog\bab_code_2010\qprog\libs\qglviewer\libQGLViewer-2.3.5\QGLViewer\release\QGLViewer2.pdb" /TLBID:1 /DYNAMICBASE /NXCOMPAT /MACHINE:X86 /DLL Win32\Release\QGLViewer_resource.res
         Win32\Release\moc_camera.obj
         Win32\Release\moc_frame.obj
         Win32\Release\moc_keyFrameInterpolator.obj
         Win32\Release\moc_manipulatedCameraFrame.obj
         Win32\Release\moc_manipulatedFrame.obj
         Win32\Release\moc_qglviewer.obj
         Win32\Release\BSPSortMethod.obj
         Win32\Release\BackFaceCullingOptimizer.obj
         Win32\Release\EPSExporter.obj
         Win32\Release\Exporter.obj
         Win32\Release\FIGExporter.obj
         Win32\Release\NVector3.obj
         Win32\Release\ParserGL.obj
         Win32\Release\Primitive.obj
         Win32\Release\PrimitivePositioning.obj
         Win32\Release\TopologicalSortMethod.obj
         Win32\Release\VRender.obj
         Win32\Release\Vector2.obj
         Win32\Release\Vector3.obj
         Win32\Release\VisibilityOptimizer.obj
         Win32\Release\camera.obj
         Win32\Release\constraint.obj
         Win32\Release\frame.obj
         Win32\Release\gpc.obj
         Win32\Release\keyFrameInterpolator.obj
         Win32\Release\manipulatedCameraFrame.obj
         Win32\Release\manipulatedFrame.obj
         Win32\Release\mouseGrabber.obj
         Win32\Release\qglviewer.obj
         Win32\Release\quaternion.obj
         Win32\Release\saveSnapshot.obj
         Win32\Release\vec.obj
            Creating library release\\QGLViewer2.lib and object release\\QGLViewer2.exp
         QGLViewer.vcxproj -> C:\Prog\bab_code_2010\qprog\libs\qglviewer\libQGLViewer-2.3.5\QGLViewer\release\QGLViewer2.dll
       Manifest:
         C:\Program Files (x86)\Microsoft SDKs\Windows\v7.0A\bin\mt.exe /nologo /verbose /outputresource:"release\\QGLViewer2.dll;#2" /manifest Win32\Release\QGLViewer2.dll.intermediate.manifest
       FinalizeBuildStatus:
         Deleting file "Win32\Release\QGLViewer.unsuccessfulbuild".
         Touching "Win32\Release\QGLViewer.lastbuildstate".
     1>Done Building Project "C:\Prog\bab_code_2010\qprog\libs\qglviewer\libQGLViewer-2.3.5\QGLViewer\QGLViewer.vcxproj" (build target(s)).

Build succeeded.

Time Elapsed 00:00:10.82
