Build started 14/08/2012 11:59:59.
     1>Project "C:\Prog\bab_code_2010\qprog\libs\scene3d\scene3d.vcxproj" on node 2 (build target(s)).
     1>C:\Program Files (x86)\MSBuild\Microsoft.Cpp\v4.0\Microsoft.CppBuild.targets(298,5): warning MSB8004: Intermediate Directory does not end with a trailing slash.  This build instance will add the slash as it is required to allow proper evaluation of the Intermediate Directory.
     1>InitializeBuildStatus:
         Creating "Win32\Release\scene3d.unsuccessfulbuild" because "AlwaysCreate" was specified.
       ClCompile:
         C:\Program Files (x86)\Microsoft Visual Studio 10.0\VC\bin\CL.exe /c /IC:\Qt\4.8.2\include\QtCore /IC:\Qt\4.8.2\include\QtGui /IC:\Qt\4.8.2\include\QtOpenGL /IC:\Qt\4.8.2\include\QtXml /IC:\Qt\4.8.2\include /Isrc /I..\lib3ds /I..\glew\src /I..\bablib\src\bablib /I..\boost_pp\src /I..\libpng\sources /I..\zlib\sources /I"..\qglviewer\libQGLViewer-2.3.5" /I..\constants /IC:\Qt\4.8.2\include\ActiveQt /I..\..\..\build\libstatic_scene3d\moc /I"c:\Qt\4.8.2\mkspecs\win32-msvc2010" /Zi /nologo /W3 /WX- /O2 /Oy- /D _CONSOLE /D UNICODE /D WIN32 /D QT_LARGEFILE_SUPPORT /D PLY_SUPPORT /D GLEW_STATIC /D BABLIB_NAMESPACE_BEGIN= /D BABLIB_NAMESPACE_END= /D BABLIB_NAMESPACE_USE= /D "BABLIB_NAMESPACE_NAME(name)=name" /D BABLIB_DEFAULT_PARAMS_FILE=default.par /D BABLIB_GLOBAL_DATA_PATH=C:/Prog/bab_code_2010/qprog/data /D BABLIB_GLOBAL_PARAMS_FILE=C:/Prog/bab_code_2010/qprog/config/bablib.par /D BABLIB_GLOBAL_QPROG_PATH=C:/Prog/bab_code_2010/qprog /D QT_THREAD_SUPPORT /D QT_NO_DEBUG /D QT_XML_LIB /D QT_OPENGL_LIB /D QT_GUI_LIB /D QT_CORE_LIB /D QT_HAVE_MMX /D QT_HAVE_3DNOW /D QT_HAVE_SSE /D QT_HAVE_MMXEXT /D QT_HAVE_SSE2 /D NDEBUG /Gm- /EHsc /MD /GS- /fp:precise /Zc:wchar_t- /Zc:forScope /GR /Fo"Win32\Release\\" /Fd"Win32\Release\vc100.pdb" /Gd /TP /analyze- /errorReport:prompt src\scene3d\3ds\Scene3DS.cpp src\scene3d\Scene3D.cpp src\scene3d\TriSoupRenderer.cpp -Zm200 -w34100 -w34189 
         Scene3DS.cpp
     1>c:\prog\bab_code_2010\qprog\libs\bablib\src\bablib\MacroTools.h(1): warning C4067: unexpected tokens following preprocessor directive - expected a newline
     1>src\scene3d\3ds\Scene3DS.cpp(101): warning C4305: 'initializing' : truncation from 'double' to 'GLfloat'
     1>src\scene3d\3ds\Scene3DS.cpp(101): warning C4305: 'initializing' : truncation from 'double' to 'GLfloat'
     1>src\scene3d\3ds\Scene3DS.cpp(101): warning C4305: 'initializing' : truncation from 'double' to 'GLfloat'
     1>src\scene3d\3ds\Scene3DS.cpp(215): warning C4305: 'initializing' : truncation from 'double' to 'const float'
     1>src\scene3d\3ds\Scene3DS.cpp(215): warning C4305: 'initializing' : truncation from 'double' to 'const float'
     1>src\scene3d\3ds\Scene3DS.cpp(215): warning C4305: 'initializing' : truncation from 'double' to 'const float'
         Scene3D.cpp
     1>c:\prog\bab_code_2010\qprog\libs\bablib\src\bablib\MacroTools.h(1): warning C4067: unexpected tokens following preprocessor directive - expected a newline
         TriSoupRenderer.cpp
     1>c:\prog\bab_code_2010\qprog\libs\scene3d\src\scene3d\Tri.h(6): warning C4099: 'Tri' : type name first seen using 'class' now seen using 'struct'
                 c:\prog\bab_code_2010\qprog\libs\scene3d\src\scene3d\TriSoup.h(9) : see declaration of 'Tri'
     1>c:\prog\bab_code_2010\qprog\libs\bablib\src\bablib\MacroTools.h(1): warning C4067: unexpected tokens following preprocessor directive - expected a newline
     1>c:\prog\bab_code_2010\qprog\libs\bablib\src\bablib\MacroTools.h(1): warning C4067: unexpected tokens following preprocessor directive - expected a newline
     1>c:\prog\bab_code_2010\qprog\libs\bablib\src\bablib\MacroTools.h(1): warning C4067: unexpected tokens following preprocessor directive - expected a newline
         Generating Code...
         All outputs are up-to-date.
       Lib:
         C:\Program Files (x86)\Microsoft Visual Studio 10.0\VC\bin\Lib.exe /OUT:"..\..\bin\scene3d.lib" /NOLOGO Win32\Release\LoaderOBJ.obj
         Win32\Release\LoaderOFF.obj
         Win32\Release\LoaderPLY.obj
         Win32\Release\Scene3D.obj
         Win32\Release\Scene3DS.obj
         Win32\Release\TriMesh.obj
         Win32\Release\TriSoup.obj
         Win32\Release\TriSoupRenderer.obj
         Win32\Release\ply.obj
         scene3d.vcxproj -> C:\Prog\bab_code_2010\qprog\libs\scene3d\..\..\bin\scene3d.lib
       FinalizeBuildStatus:
         Deleting file "Win32\Release\scene3d.unsuccessfulbuild".
         Touching "Win32\Release\scene3d.lastbuildstate".
     1>Done Building Project "C:\Prog\bab_code_2010\qprog\libs\scene3d\scene3d.vcxproj" (build target(s)).

Build succeeded.

Time Elapsed 00:00:04.47
